<?xml version="1.0" encoding="UTF-8"?>
<!-- Generated by org.testng.reporters.JUnitReportReporter -->
<testsuite skipped="0" hostname="MyDuong_lap" name="test.AMZ_TM" tests="2" failures="0" timestamp="06 Feb 2021 15:14:56 GMT" time="46.137" errors="0">
  <testcase name="TC01_AddViewDealItem" time="21.560" classname="test.AMZ_TM"/>
  <testcase name="TC02_AddSearchItem" time="24.577" classname="test.AMZ_TM"/>
</testsuite> <!-- test.AMZ_TM -->
